This file contains any messages produced by compilers while
running configure, to aid debugging if configure makes a mistake.

It was created by Phidget21 C Library configure 2.1.7.20100621, which was
generated by GNU Autoconf 2.64.  Invocation command line was

  $ ./configure 

## --------- ##
## Platform. ##
## --------- ##

hostname = reza-desktop
uname -m = i686
uname -r = 2.6.32-32-generic
uname -s = Linux
uname -v = #62-Ubuntu SMP Wed Apr 20 21:54:21 UTC 2011

/usr/bin/uname -p = unknown
/bin/uname -X     = unknown

/bin/arch              = unknown
/usr/bin/arch -k       = unknown
/usr/convex/getsysinfo = unknown
/usr/bin/hostinfo      = unknown
/bin/machine           = unknown
/usr/bin/oslevel       = unknown
/bin/universe          = unknown

PATH: /opt/ros/diamondback/ros/bin
PATH: /usr/local/sbin
PATH: /usr/local/bin
PATH: /usr/sbin
PATH: /usr/bin
PATH: /sbin
PATH: /bin
PATH: /usr/games


## ----------- ##
## Core tests. ##
## ----------- ##

configure:2279: checking for a BSD-compatible install
configure:2347: result: /usr/bin/install -c
configure:2358: checking whether build environment is sane
configure:2408: result: yes
configure:2549: checking for a thread-safe mkdir -p
configure:2588: result: /bin/mkdir -p
configure:2601: checking for gawk
configure:2617: found /usr/bin/gawk
configure:2628: result: gawk
configure:2639: checking whether make sets $(MAKE)
configure:2661: result: yes
configure:2771: checking build system type
configure:2785: result: i686-pc-linux-gnu
configure:2805: checking host system type
configure:2818: result: i686-pc-linux-gnu
configure:2850: checking for style of include used by make
configure:2878: result: GNU
configure:2948: checking for gcc
configure:2964: found /usr/bin/gcc
configure:2975: result: gcc
configure:3204: checking for C compiler version
configure:3213: gcc --version >&5
gcc (Ubuntu 4.4.3-4ubuntu5) 4.4.3
Copyright (C) 2009 Free Software Foundation, Inc.
This is free software; see the source for copying conditions.  There is NO
warranty; not even for MERCHANTABILITY or FITNESS FOR A PARTICULAR PURPOSE.

configure:3224: $? = 0
configure:3213: gcc -v >&5
Using built-in specs.
Target: i486-linux-gnu
Configured with: ../src/configure -v --with-pkgversion='Ubuntu 4.4.3-4ubuntu5' --with-bugurl=file:///usr/share/doc/gcc-4.4/README.Bugs --enable-languages=c,c++,fortran,objc,obj-c++ --prefix=/usr --enable-shared --enable-multiarch --enable-linker-build-id --with-system-zlib --libexecdir=/usr/lib --without-included-gettext --enable-threads=posix --with-gxx-include-dir=/usr/include/c++/4.4 --program-suffix=-4.4 --enable-nls --enable-clocale=gnu --enable-libstdcxx-debug --enable-plugin --enable-objc-gc --enable-targets=all --disable-werror --with-arch-32=i486 --with-tune=generic --enable-checking=release --build=i486-linux-gnu --host=i486-linux-gnu --target=i486-linux-gnu
Thread model: posix
gcc version 4.4.3 (Ubuntu 4.4.3-4ubuntu5) 
configure:3224: $? = 0
configure:3213: gcc -V >&5
gcc: '-V' option must have argument
configure:3224: $? = 1
configure:3213: gcc -qversion >&5
gcc: unrecognized option '-qversion'
gcc: no input files
configure:3224: $? = 1
configure:3246: checking for C compiler default output file name
configure:3268: gcc    conftest.c  >&5
configure:3272: $? = 0
configure:3309: result: a.out
configure:3325: checking whether the C compiler works
configure:3334: ./a.out
configure:3338: $? = 0
configure:3353: result: yes
configure:3360: checking whether we are cross compiling
configure:3362: result: no
configure:3365: checking for suffix of executables
configure:3372: gcc -o conftest    conftest.c  >&5
configure:3376: $? = 0
configure:3398: result: 
configure:3404: checking for suffix of object files
configure:3426: gcc -c   conftest.c >&5
configure:3430: $? = 0
configure:3451: result: o
configure:3455: checking whether we are using the GNU C compiler
configure:3474: gcc -c   conftest.c >&5
configure:3474: $? = 0
configure:3483: result: yes
configure:3492: checking whether gcc accepts -g
configure:3512: gcc -c -g  conftest.c >&5
configure:3512: $? = 0
configure:3553: result: yes
configure:3570: checking for gcc option to accept ISO C89
configure:3634: gcc  -c -g -O2  conftest.c >&5
configure:3634: $? = 0
configure:3647: result: none needed
configure:3669: checking dependency style of gcc
configure:3779: result: gcc3
configure:3794: checking for a sed that does not truncate output
configure:3858: result: /bin/sed
configure:3876: checking for grep that handles long lines and -e
configure:3934: result: /bin/grep
configure:3939: checking for egrep
configure:4001: result: /bin/grep -E
configure:4006: checking for fgrep
configure:4068: result: /bin/grep -F
configure:4103: checking for ld used by gcc
configure:4170: result: /usr/bin/ld
configure:4177: checking if the linker (/usr/bin/ld) is GNU ld
configure:4192: result: yes
configure:4204: checking for BSD- or MS-compatible name lister (nm)
configure:4253: result: /usr/bin/nm -B
configure:4371: checking the name lister (/usr/bin/nm -B) interface
configure:4378: gcc -c -g -O2  conftest.c >&5
configure:4381: /usr/bin/nm -B "conftest.o"
configure:4384: output
00000000 B some_variable
configure:4391: result: BSD nm
configure:4394: checking whether ln -s works
configure:4398: result: yes
configure:4406: checking the maximum length of command line arguments
configure:4526: result: 805306365
configure:4543: checking whether the shell understands some XSI constructs
configure:4553: result: yes
configure:4557: checking whether the shell understands "+="
configure:4563: result: yes
configure:4598: checking for /usr/bin/ld option to reload object files
configure:4605: result: -r
configure:4674: checking for objdump
configure:4690: found /usr/bin/objdump
configure:4701: result: objdump
configure:4733: checking how to recognize dependent libraries
configure:4929: result: pass_all
configure:4989: checking for ar
configure:5005: found /usr/bin/ar
configure:5016: result: ar
configure:5094: checking for strip
configure:5110: found /usr/bin/strip
configure:5121: result: strip
configure:5193: checking for ranlib
configure:5209: found /usr/bin/ranlib
configure:5220: result: ranlib
configure:5310: checking command to parse /usr/bin/nm -B output from gcc object
configure:5428: gcc -c -g -O2  conftest.c >&5
configure:5431: $? = 0
configure:5435: /usr/bin/nm -B conftest.o \| sed -n -e 's/^.*[	 ]\([ABCDGIRSTW][ABCDGIRSTW]*\)[	 ][	 ]*\([_A-Za-z][_A-Za-z0-9]*\)$/\1 \2 \2/p' \> conftest.nm
configure:5438: $? = 0
configure:5492: gcc -o conftest -g -O2   conftest.c conftstm.o >&5
configure:5495: $? = 0
configure:5533: result: ok
configure:6342: checking how to run the C preprocessor
configure:6373: gcc -E  conftest.c
configure:6373: $? = 0
configure:6387: gcc -E  conftest.c
conftest.c:11:28: error: ac_nonexistent.h: No such file or directory
configure:6387: $? = 1
configure: failed program was:
| /* confdefs.h */
| #define PACKAGE_NAME "Phidget21 C Library"
| #define PACKAGE_TARNAME "libphidget"
| #define PACKAGE_VERSION "2.1.7.20100621"
| #define PACKAGE_STRING "Phidget21 C Library 2.1.7.20100621"
| #define PACKAGE_BUGREPORT "support@phidgets.com"
| #define PACKAGE_URL "www.phidgets.com"
| #define PACKAGE "libphidget"
| #define VERSION "2.1.7.20100621"
| /* end confdefs.h.  */
| #include <ac_nonexistent.h>
configure:6412: result: gcc -E
configure:6432: gcc -E  conftest.c
configure:6432: $? = 0
configure:6446: gcc -E  conftest.c
conftest.c:11:28: error: ac_nonexistent.h: No such file or directory
configure:6446: $? = 1
configure: failed program was:
| /* confdefs.h */
| #define PACKAGE_NAME "Phidget21 C Library"
| #define PACKAGE_TARNAME "libphidget"
| #define PACKAGE_VERSION "2.1.7.20100621"
| #define PACKAGE_STRING "Phidget21 C Library 2.1.7.20100621"
| #define PACKAGE_BUGREPORT "support@phidgets.com"
| #define PACKAGE_URL "www.phidgets.com"
| #define PACKAGE "libphidget"
| #define VERSION "2.1.7.20100621"
| /* end confdefs.h.  */
| #include <ac_nonexistent.h>
configure:6475: checking for ANSI C header files
configure:6495: gcc -c -g -O2  conftest.c >&5
configure:6495: $? = 0
configure:6568: gcc -o conftest -g -O2   conftest.c  >&5
configure:6568: $? = 0
configure:6568: ./conftest
configure:6568: $? = 0
configure:6579: result: yes
configure:6592: checking for sys/types.h
configure:6592: gcc -c -g -O2  conftest.c >&5
configure:6592: $? = 0
configure:6592: result: yes
configure:6592: checking for sys/stat.h
configure:6592: gcc -c -g -O2  conftest.c >&5
configure:6592: $? = 0
configure:6592: result: yes
configure:6592: checking for stdlib.h
configure:6592: gcc -c -g -O2  conftest.c >&5
configure:6592: $? = 0
configure:6592: result: yes
configure:6592: checking for string.h
configure:6592: gcc -c -g -O2  conftest.c >&5
configure:6592: $? = 0
configure:6592: result: yes
configure:6592: checking for memory.h
configure:6592: gcc -c -g -O2  conftest.c >&5
configure:6592: $? = 0
configure:6592: result: yes
configure:6592: checking for strings.h
configure:6592: gcc -c -g -O2  conftest.c >&5
configure:6592: $? = 0
configure:6592: result: yes
configure:6592: checking for inttypes.h
configure:6592: gcc -c -g -O2  conftest.c >&5
configure:6592: $? = 0
configure:6592: result: yes
configure:6592: checking for stdint.h
configure:6592: gcc -c -g -O2  conftest.c >&5
configure:6592: $? = 0
configure:6592: result: yes
configure:6592: checking for unistd.h
configure:6592: gcc -c -g -O2  conftest.c >&5
configure:6592: $? = 0
configure:6592: result: yes
configure:6607: checking for dlfcn.h
configure:6607: gcc -c -g -O2  conftest.c >&5
configure:6607: $? = 0
configure:6607: result: yes
configure:6791: checking for objdir
configure:6806: result: .libs
configure:7098: checking if gcc supports -fno-rtti -fno-exceptions
configure:7116: gcc -c -g -O2  -fno-rtti -fno-exceptions conftest.c >&5
cc1: warning: command line option "-fno-rtti" is valid for C++/ObjC++ but not for C
configure:7120: $? = 0
configure:7133: result: no
configure:7153: checking for gcc option to produce PIC
configure:7425: result: -fPIC -DPIC
configure:7437: checking if gcc PIC flag -fPIC -DPIC works
configure:7455: gcc -c -g -O2  -fPIC -DPIC -DPIC conftest.c >&5
configure:7459: $? = 0
configure:7472: result: yes
configure:7496: checking if gcc static flag -static works
configure:7524: result: yes
configure:7539: checking if gcc supports -c -o file.o
configure:7560: gcc -c -g -O2  -o out/conftest2.o conftest.c >&5
configure:7564: $? = 0
configure:7586: result: yes
configure:7594: checking if gcc supports -c -o file.o
configure:7641: result: yes
configure:7674: checking whether the gcc linker (/usr/bin/ld) supports shared libraries
configure:8664: result: yes
configure:8701: checking whether -lc should be explicitly linked in
configure:8706: gcc -c -g -O2  conftest.c >&5
configure:8709: $? = 0
configure:8724: gcc -shared conftest.o  -v -Wl,-soname -Wl,conftest -o conftest 2\>\&1 \| /bin/grep  -lc  \>/dev/null 2\>\&1
configure:8727: $? = 0
configure:8739: result: no
configure:8903: checking dynamic linker characteristics
configure:9336: gcc -o conftest -g -O2   -Wl,-rpath -Wl,/foo conftest.c  >&5
configure:9336: $? = 0
configure:9566: result: GNU/Linux ld.so
configure:9668: checking how to hardcode library paths into programs
configure:9693: result: immediate
configure:10213: checking whether stripping libraries is possible
configure:10218: result: yes
configure:10253: checking if libtool supports shared libraries
configure:10255: result: yes
configure:10258: checking whether to build shared libraries
configure:10279: result: yes
configure:10282: checking whether to build static libraries
configure:10286: result: yes
configure:10384: checking for gcc
configure:10411: result: gcc
configure:10640: checking for C compiler version
configure:10649: gcc --version >&5
gcc (Ubuntu 4.4.3-4ubuntu5) 4.4.3
Copyright (C) 2009 Free Software Foundation, Inc.
This is free software; see the source for copying conditions.  There is NO
warranty; not even for MERCHANTABILITY or FITNESS FOR A PARTICULAR PURPOSE.

configure:10660: $? = 0
configure:10649: gcc -v >&5
Using built-in specs.
Target: i486-linux-gnu
Configured with: ../src/configure -v --with-pkgversion='Ubuntu 4.4.3-4ubuntu5' --with-bugurl=file:///usr/share/doc/gcc-4.4/README.Bugs --enable-languages=c,c++,fortran,objc,obj-c++ --prefix=/usr --enable-shared --enable-multiarch --enable-linker-build-id --with-system-zlib --libexecdir=/usr/lib --without-included-gettext --enable-threads=posix --with-gxx-include-dir=/usr/include/c++/4.4 --program-suffix=-4.4 --enable-nls --enable-clocale=gnu --enable-libstdcxx-debug --enable-plugin --enable-objc-gc --enable-targets=all --disable-werror --with-arch-32=i486 --with-tune=generic --enable-checking=release --build=i486-linux-gnu --host=i486-linux-gnu --target=i486-linux-gnu
Thread model: posix
gcc version 4.4.3 (Ubuntu 4.4.3-4ubuntu5) 
configure:10660: $? = 0
configure:10649: gcc -V >&5
gcc: '-V' option must have argument
configure:10660: $? = 1
configure:10649: gcc -qversion >&5
gcc: unrecognized option '-qversion'
gcc: no input files
configure:10660: $? = 1
configure:10664: checking whether we are using the GNU C compiler
configure:10692: result: yes
configure:10701: checking whether gcc accepts -g
configure:10762: result: yes
configure:10779: checking for gcc option to accept ISO C89
configure:10856: result: none needed
configure:10878: checking dependency style of gcc
configure:10988: result: gcc3
configure:11008: checking for ldconfig
configure:11026: found /sbin/ldconfig
configure:11039: result: /sbin/ldconfig
configure:11049: checking for library containing dlopen
configure:11080: gcc -o conftest -g -O2   conftest.c  >&5
/tmp/ccm2u75L.o: In function `main':
/home/reza/git/care-o-bot/cob_extern/libphidgets/build/libphidget-2.1.7.20100621/conftest.c:34: undefined reference to `dlopen'
collect2: ld returned 1 exit status
configure:11080: $? = 1
configure: failed program was:
| /* confdefs.h */
| #define PACKAGE_NAME "Phidget21 C Library"
| #define PACKAGE_TARNAME "libphidget"
| #define PACKAGE_VERSION "2.1.7.20100621"
| #define PACKAGE_STRING "Phidget21 C Library 2.1.7.20100621"
| #define PACKAGE_BUGREPORT "support@phidgets.com"
| #define PACKAGE_URL "www.phidgets.com"
| #define PACKAGE "libphidget"
| #define VERSION "2.1.7.20100621"
| #define STDC_HEADERS 1
| #define HAVE_SYS_TYPES_H 1
| #define HAVE_SYS_STAT_H 1
| #define HAVE_STDLIB_H 1
| #define HAVE_STRING_H 1
| #define HAVE_MEMORY_H 1
| #define HAVE_STRINGS_H 1
| #define HAVE_INTTYPES_H 1
| #define HAVE_STDINT_H 1
| #define HAVE_UNISTD_H 1
| #define HAVE_DLFCN_H 1
| #define LT_OBJDIR ".libs/"
| /* end confdefs.h.  */
| 
| /* Override any GCC internal prototype to avoid an error.
|    Use char because int might match the return type of a GCC
|    builtin and then its argument prototype would still apply.  */
| #ifdef __cplusplus
| extern "C"
| #endif
| char dlopen ();
| int
| main ()
| {
| return dlopen ();
|   ;
|   return 0;
| }
configure:11080: gcc -o conftest -g -O2   conftest.c -ldl   >&5
configure:11080: $? = 0
configure:11097: result: -ldl
configure:11107: checking for library containing sqrt
configure:11138: gcc -o conftest -g -O2   conftest.c -ldl  >&5
conftest.c:30: warning: conflicting types for built-in function 'sqrt'
/tmp/ccoo3fKe.o: In function `main':
/home/reza/git/care-o-bot/cob_extern/libphidgets/build/libphidget-2.1.7.20100621/conftest.c:34: undefined reference to `sqrt'
collect2: ld returned 1 exit status
configure:11138: $? = 1
configure: failed program was:
| /* confdefs.h */
| #define PACKAGE_NAME "Phidget21 C Library"
| #define PACKAGE_TARNAME "libphidget"
| #define PACKAGE_VERSION "2.1.7.20100621"
| #define PACKAGE_STRING "Phidget21 C Library 2.1.7.20100621"
| #define PACKAGE_BUGREPORT "support@phidgets.com"
| #define PACKAGE_URL "www.phidgets.com"
| #define PACKAGE "libphidget"
| #define VERSION "2.1.7.20100621"
| #define STDC_HEADERS 1
| #define HAVE_SYS_TYPES_H 1
| #define HAVE_SYS_STAT_H 1
| #define HAVE_STDLIB_H 1
| #define HAVE_STRING_H 1
| #define HAVE_MEMORY_H 1
| #define HAVE_STRINGS_H 1
| #define HAVE_INTTYPES_H 1
| #define HAVE_STDINT_H 1
| #define HAVE_UNISTD_H 1
| #define HAVE_DLFCN_H 1
| #define LT_OBJDIR ".libs/"
| /* end confdefs.h.  */
| 
| /* Override any GCC internal prototype to avoid an error.
|    Use char because int might match the return type of a GCC
|    builtin and then its argument prototype would still apply.  */
| #ifdef __cplusplus
| extern "C"
| #endif
| char sqrt ();
| int
| main ()
| {
| return sqrt ();
|   ;
|   return 0;
| }
configure:11138: gcc -o conftest -g -O2   conftest.c -lm  -ldl  >&5
conftest.c:30: warning: conflicting types for built-in function 'sqrt'
configure:11138: $? = 0
configure:11155: result: -lm
configure:11165: checking for library containing pthread_join
configure:11196: gcc -o conftest -g -O2   conftest.c -lm -ldl  >&5
/tmp/ccQdblrY.o: In function `main':
/home/reza/git/care-o-bot/cob_extern/libphidgets/build/libphidget-2.1.7.20100621/conftest.c:34: undefined reference to `pthread_join'
collect2: ld returned 1 exit status
configure:11196: $? = 1
configure: failed program was:
| /* confdefs.h */
| #define PACKAGE_NAME "Phidget21 C Library"
| #define PACKAGE_TARNAME "libphidget"
| #define PACKAGE_VERSION "2.1.7.20100621"
| #define PACKAGE_STRING "Phidget21 C Library 2.1.7.20100621"
| #define PACKAGE_BUGREPORT "support@phidgets.com"
| #define PACKAGE_URL "www.phidgets.com"
| #define PACKAGE "libphidget"
| #define VERSION "2.1.7.20100621"
| #define STDC_HEADERS 1
| #define HAVE_SYS_TYPES_H 1
| #define HAVE_SYS_STAT_H 1
| #define HAVE_STDLIB_H 1
| #define HAVE_STRING_H 1
| #define HAVE_MEMORY_H 1
| #define HAVE_STRINGS_H 1
| #define HAVE_INTTYPES_H 1
| #define HAVE_STDINT_H 1
| #define HAVE_UNISTD_H 1
| #define HAVE_DLFCN_H 1
| #define LT_OBJDIR ".libs/"
| /* end confdefs.h.  */
| 
| /* Override any GCC internal prototype to avoid an error.
|    Use char because int might match the return type of a GCC
|    builtin and then its argument prototype would still apply.  */
| #ifdef __cplusplus
| extern "C"
| #endif
| char pthread_join ();
| int
| main ()
| {
| return pthread_join ();
|   ;
|   return 0;
| }
configure:11196: gcc -o conftest -g -O2   conftest.c -lpthread  -lm -ldl  >&5
configure:11196: $? = 0
configure:11213: result: -lpthread
configure:11223: checking for library containing usb_find_busses
configure:11254: gcc -o conftest -g -O2   conftest.c -lpthread -lm -ldl  >&5
/tmp/cc3GYVAt.o: In function `main':
/home/reza/git/care-o-bot/cob_extern/libphidgets/build/libphidget-2.1.7.20100621/conftest.c:34: undefined reference to `usb_find_busses'
collect2: ld returned 1 exit status
configure:11254: $? = 1
configure: failed program was:
| /* confdefs.h */
| #define PACKAGE_NAME "Phidget21 C Library"
| #define PACKAGE_TARNAME "libphidget"
| #define PACKAGE_VERSION "2.1.7.20100621"
| #define PACKAGE_STRING "Phidget21 C Library 2.1.7.20100621"
| #define PACKAGE_BUGREPORT "support@phidgets.com"
| #define PACKAGE_URL "www.phidgets.com"
| #define PACKAGE "libphidget"
| #define VERSION "2.1.7.20100621"
| #define STDC_HEADERS 1
| #define HAVE_SYS_TYPES_H 1
| #define HAVE_SYS_STAT_H 1
| #define HAVE_STDLIB_H 1
| #define HAVE_STRING_H 1
| #define HAVE_MEMORY_H 1
| #define HAVE_STRINGS_H 1
| #define HAVE_INTTYPES_H 1
| #define HAVE_STDINT_H 1
| #define HAVE_UNISTD_H 1
| #define HAVE_DLFCN_H 1
| #define LT_OBJDIR ".libs/"
| /* end confdefs.h.  */
| 
| /* Override any GCC internal prototype to avoid an error.
|    Use char because int might match the return type of a GCC
|    builtin and then its argument prototype would still apply.  */
| #ifdef __cplusplus
| extern "C"
| #endif
| char usb_find_busses ();
| int
| main ()
| {
| return usb_find_busses ();
|   ;
|   return 0;
| }
configure:11254: gcc -o conftest -g -O2   conftest.c -lusb  -lpthread -lm -ldl  >&5
configure:11254: $? = 0
configure:11271: result: -lusb
configure:11584: creating ./config.status

## ---------------------- ##
## Running config.status. ##
## ---------------------- ##

This file was extended by Phidget21 C Library config.status 2.1.7.20100621, which was
generated by GNU Autoconf 2.64.  Invocation command line was

  CONFIG_FILES    = 
  CONFIG_HEADERS  = 
  CONFIG_LINKS    = 
  CONFIG_COMMANDS = 
  $ ./config.status 

on reza-desktop

config.status:1000: creating Makefile
config.status:1000: creating examples/Makefile
config.status:1163: executing depfiles commands
config.status:1163: executing libtool commands

## ---------------- ##
## Cache variables. ##
## ---------------- ##

ac_cv_build=i686-pc-linux-gnu
ac_cv_c_compiler_gnu=yes
ac_cv_env_CC_set=
ac_cv_env_CC_value=
ac_cv_env_CFLAGS_set=
ac_cv_env_CFLAGS_value=
ac_cv_env_CPPFLAGS_set=
ac_cv_env_CPPFLAGS_value=
ac_cv_env_CPP_set=
ac_cv_env_CPP_value=
ac_cv_env_LDCONFIG_set=
ac_cv_env_LDCONFIG_value=
ac_cv_env_LDFLAGS_set=
ac_cv_env_LDFLAGS_value=
ac_cv_env_LIBS_set=
ac_cv_env_LIBS_value=
ac_cv_env_build_alias_set=
ac_cv_env_build_alias_value=
ac_cv_env_host_alias_set=
ac_cv_env_host_alias_value=
ac_cv_env_target_alias_set=
ac_cv_env_target_alias_value=
ac_cv_header_dlfcn_h=yes
ac_cv_header_inttypes_h=yes
ac_cv_header_memory_h=yes
ac_cv_header_stdc=yes
ac_cv_header_stdint_h=yes
ac_cv_header_stdlib_h=yes
ac_cv_header_string_h=yes
ac_cv_header_strings_h=yes
ac_cv_header_sys_stat_h=yes
ac_cv_header_sys_types_h=yes
ac_cv_header_unistd_h=yes
ac_cv_host=i686-pc-linux-gnu
ac_cv_objext=o
ac_cv_path_EGREP='/bin/grep -E'
ac_cv_path_FGREP='/bin/grep -F'
ac_cv_path_GREP=/bin/grep
ac_cv_path_LDCONFIG=/sbin/ldconfig
ac_cv_path_SED=/bin/sed
ac_cv_path_install='/usr/bin/install -c'
ac_cv_path_mkdir=/bin/mkdir
ac_cv_prog_AWK=gawk
ac_cv_prog_CPP='gcc -E'
ac_cv_prog_ac_ct_AR=ar
ac_cv_prog_ac_ct_CC=gcc
ac_cv_prog_ac_ct_OBJDUMP=objdump
ac_cv_prog_ac_ct_RANLIB=ranlib
ac_cv_prog_ac_ct_STRIP=strip
ac_cv_prog_cc_c89=
ac_cv_prog_cc_g=yes
ac_cv_prog_make_make_set=yes
ac_cv_search_dlopen=-ldl
ac_cv_search_pthread_join=-lpthread
ac_cv_search_sqrt=-lm
ac_cv_search_usb_find_busses=-lusb
am_cv_CC_dependencies_compiler_type=gcc3
lt_cv_deplibs_check_method=pass_all
lt_cv_file_magic_cmd='$MAGIC_CMD'
lt_cv_file_magic_test_file=
lt_cv_ld_reload_flag=-r
lt_cv_nm_interface='BSD nm'
lt_cv_objdir=.libs
lt_cv_path_LD=/usr/bin/ld
lt_cv_path_NM='/usr/bin/nm -B'
lt_cv_prog_compiler_c_o=yes
lt_cv_prog_compiler_pic_works=yes
lt_cv_prog_compiler_rtti_exceptions=no
lt_cv_prog_compiler_static_works=yes
lt_cv_prog_gnu_ld=yes
lt_cv_sys_global_symbol_pipe='sed -n -e '\''s/^.*[	 ]\([ABCDGIRSTW][ABCDGIRSTW]*\)[	 ][	 ]*\([_A-Za-z][_A-Za-z0-9]*\)$/\1 \2 \2/p'\'''
lt_cv_sys_global_symbol_to_c_name_address='sed -n -e '\''s/^: \([^ ]*\) $/  {\"\1\", (void *) 0},/p'\'' -e '\''s/^[ABCDGIRSTW]* \([^ ]*\) \([^ ]*\)$/  {"\2", (void *) \&\2},/p'\'''
lt_cv_sys_global_symbol_to_c_name_address_lib_prefix='sed -n -e '\''s/^: \([^ ]*\) $/  {\"\1\", (void *) 0},/p'\'' -e '\''s/^[ABCDGIRSTW]* \([^ ]*\) \(lib[^ ]*\)$/  {"\2", (void *) \&\2},/p'\'' -e '\''s/^[ABCDGIRSTW]* \([^ ]*\) \([^ ]*\)$/  {"lib\2", (void *) \&\2},/p'\'''
lt_cv_sys_global_symbol_to_cdecl='sed -n -e '\''s/^T .* \(.*\)$/extern int \1();/p'\'' -e '\''s/^[ABCDGIRSTW]* .* \(.*\)$/extern char \1;/p'\'''
lt_cv_sys_max_cmd_len=805306365

## ----------------- ##
## Output variables. ##
## ----------------- ##

ACLOCAL='${SHELL} /home/reza/git/care-o-bot/cob_extern/libphidgets/build/libphidget-2.1.7.20100621/missing --run aclocal-1.11'
AMDEPBACKSLASH='\'
AMDEP_FALSE='#'
AMDEP_TRUE=''
AMTAR='${SHELL} /home/reza/git/care-o-bot/cob_extern/libphidgets/build/libphidget-2.1.7.20100621/missing --run tar'
AM_BACKSLASH='\'
AM_DEFAULT_VERBOSITY='0'
AR='ar'
AUTOCONF='${SHELL} /home/reza/git/care-o-bot/cob_extern/libphidgets/build/libphidget-2.1.7.20100621/missing --run autoconf'
AUTOHEADER='${SHELL} /home/reza/git/care-o-bot/cob_extern/libphidgets/build/libphidget-2.1.7.20100621/missing --run autoheader'
AUTOMAKE='${SHELL} /home/reza/git/care-o-bot/cob_extern/libphidgets/build/libphidget-2.1.7.20100621/missing --run automake-1.11'
AWK='gawk'
CC='gcc'
CCDEPMODE='depmode=gcc3'
CFLAGS='-g -O2'
CPP='gcc -E'
CPPFLAGS=''
CYGPATH_W='echo'
DEBUG_FALSE=''
DEBUG_TRUE='#'
DEFS='-DPACKAGE_NAME=\"Phidget21\ C\ Library\" -DPACKAGE_TARNAME=\"libphidget\" -DPACKAGE_VERSION=\"2.1.7.20100621\" -DPACKAGE_STRING=\"Phidget21\ C\ Library\ 2.1.7.20100621\" -DPACKAGE_BUGREPORT=\"support@phidgets.com\" -DPACKAGE_URL=\"www.phidgets.com\" -DPACKAGE=\"libphidget\" -DVERSION=\"2.1.7.20100621\" -DSTDC_HEADERS=1 -DHAVE_SYS_TYPES_H=1 -DHAVE_SYS_STAT_H=1 -DHAVE_STDLIB_H=1 -DHAVE_STRING_H=1 -DHAVE_MEMORY_H=1 -DHAVE_STRINGS_H=1 -DHAVE_INTTYPES_H=1 -DHAVE_STDINT_H=1 -DHAVE_UNISTD_H=1 -DHAVE_DLFCN_H=1 -DLT_OBJDIR=\".libs/\"'
DEPDIR='.deps'
DSYMUTIL=''
DUMPBIN=''
ECHO_C=''
ECHO_N='-n'
ECHO_T=''
EGREP='/bin/grep -E'
EXEEXT=''
FGREP='/bin/grep -F'
GREP='/bin/grep'
INSTALL_DATA='${INSTALL} -m 644'
INSTALL_PROGRAM='${INSTALL}'
INSTALL_SCRIPT='${INSTALL}'
INSTALL_STRIP_PROGRAM='$(install_sh) -c -s'
JNI_FALSE='#'
JNI_TRUE=''
LD='/usr/bin/ld'
LDCONFIG='/sbin/ldconfig'
LDFLAGS=''
LIBOBJS=''
LIBS='-lusb -lpthread -lm -ldl '
LIBTOOL='$(SHELL) $(top_builddir)/libtool'
LIPO=''
LN_S='ln -s'
LTLIBOBJS=''
MAKEINFO='${SHELL} /home/reza/git/care-o-bot/cob_extern/libphidgets/build/libphidget-2.1.7.20100621/missing --run makeinfo'
MKDIR_P='/bin/mkdir -p'
NM='/usr/bin/nm -B'
NMEDIT=''
OBJDUMP='objdump'
OBJEXT='o'
OTOOL64=''
OTOOL=''
PACKAGE='libphidget'
PACKAGE_BUGREPORT='support@phidgets.com'
PACKAGE_NAME='Phidget21 C Library'
PACKAGE_STRING='Phidget21 C Library 2.1.7.20100621'
PACKAGE_TARNAME='libphidget'
PACKAGE_URL='www.phidgets.com'
PACKAGE_VERSION='2.1.7.20100621'
PATH_SEPARATOR=':'
RANLIB='ranlib'
RUN_LDCONFIG_FALSE='#'
RUN_LDCONFIG_TRUE=''
SED='/bin/sed'
SET_MAKE=''
SHELL='/bin/bash'
STRIP='strip'
VERSION='2.1.7.20100621'
ZEROCONF_AVAHI_FALSE='#'
ZEROCONF_AVAHI_TRUE=''
ZEROCONF_BONJOUR_FALSE=''
ZEROCONF_BONJOUR_TRUE='#'
ZEROCONF_FALSE='#'
ZEROCONF_LOOKUP_FALSE=''
ZEROCONF_LOOKUP_TRUE='#'
ZEROCONF_TRUE=''
ac_ct_CC='gcc'
ac_ct_DUMPBIN=''
am__EXEEXT_FALSE=''
am__EXEEXT_TRUE='#'
am__fastdepCC_FALSE='#'
am__fastdepCC_TRUE=''
am__include='include'
am__isrc=''
am__leading_dot='.'
am__quote=''
am__tar='${AMTAR} chof - "$$tardir"'
am__untar='${AMTAR} xf -'
bindir='${exec_prefix}/bin'
build='i686-pc-linux-gnu'
build_alias=''
build_cpu='i686'
build_os='linux-gnu'
build_vendor='pc'
datadir='${datarootdir}'
datarootdir='${prefix}/share'
docdir='${datarootdir}/doc/${PACKAGE_TARNAME}'
dvidir='${docdir}'
exec_prefix='${prefix}'
host='i686-pc-linux-gnu'
host_alias=''
host_cpu='i686'
host_os='linux-gnu'
host_vendor='pc'
htmldir='${docdir}'
includedir='${prefix}/include'
infodir='${datarootdir}/info'
install_sh='${SHELL} /home/reza/git/care-o-bot/cob_extern/libphidgets/build/libphidget-2.1.7.20100621/install-sh'
libdir='${exec_prefix}/lib'
libexecdir='${exec_prefix}/libexec'
localedir='${datarootdir}/locale'
localstatedir='${prefix}/var'
lt_ECHO='echo'
mandir='${datarootdir}/man'
mkdir_p='/bin/mkdir -p'
oldincludedir='/usr/include'
pdfdir='${docdir}'
prefix='/usr/local'
program_transform_name='s,x,x,'
psdir='${docdir}'
sbindir='${exec_prefix}/sbin'
sharedstatedir='${prefix}/com'
sysconfdir='${prefix}/etc'
target_alias=''

## ----------- ##
## confdefs.h. ##
## ----------- ##

/* confdefs.h */
#define PACKAGE_NAME "Phidget21 C Library"
#define PACKAGE_TARNAME "libphidget"
#define PACKAGE_VERSION "2.1.7.20100621"
#define PACKAGE_STRING "Phidget21 C Library 2.1.7.20100621"
#define PACKAGE_BUGREPORT "support@phidgets.com"
#define PACKAGE_URL "www.phidgets.com"
#define PACKAGE "libphidget"
#define VERSION "2.1.7.20100621"
#define STDC_HEADERS 1
#define HAVE_SYS_TYPES_H 1
#define HAVE_SYS_STAT_H 1
#define HAVE_STDLIB_H 1
#define HAVE_STRING_H 1
#define HAVE_MEMORY_H 1
#define HAVE_STRINGS_H 1
#define HAVE_INTTYPES_H 1
#define HAVE_STDINT_H 1
#define HAVE_UNISTD_H 1
#define HAVE_DLFCN_H 1
#define LT_OBJDIR ".libs/"

configure: exit 0
